<testExecutions version="1">
<file path="src/__tests__/App.test.js">
</file>
</testExecutions>